Compiling d:\project\usb2400\usb.2k\usbview directory ********************
'nmake.exe /c BUILDMSG=Stop. -i NTTEST= UMTEST= NOLINK=1 386=1'
    rc -l 409 -z "MS Sans Serif,Helv/MS Shell Dlg"  -r -fo objfre\i386\usbview.tmp -D_X86_=1 -Di386=1  -DSTD_CALL -DCONDITION_HANDLING=1 -DNT_UP=1  -DNT_INST=0 -DWIN32=100 -D_NT1X_=100 -DWINNT=1 -D_WIN32_WINNT=0x0500 -DWINVER=0x0500 -D_WIN32_IE=0x0501    -DWIN32_LEAN_AND_MEAN=1 -DDEVL=1 -DFPO=1    -DNDEBUG    -I..\inc -I..\..\inc -Ic:\NTDDK\inc -Ic:\NTDDK\inc -Ic:\NTDDK\private\inc -Ic:\NTDDK\inc .\usbview.rc
cl -nologo -Ii386\ -I. -I..\inc -I..\..\inc -Ic:\NTDDK\inc -Ic:\NTDDK\inc -Ic:\NTDDK\private\inc -Ic:\NTDDK\inc -D_X86_=1 -Di386=1  -DSTD_CALL -DCONDITION_HANDLING=1 -DNT_UP=1  -DNT_INST=0 -DWIN32=100 -D_NT1X_=100 -DWINNT=1 -D_WIN32_WINNT=0x0500 -DWINVER=0x0500 -D_WIN32_IE=0x0501    -DWIN32_LEAN_AND_MEAN=1 -DDEVL=1 -DFPO=1    -DNDEBUG      /c /Zel /Zp8 /Gy  /W3 /Gz  /QIfdiv- /QIf /QI0f /GB /Gi- /Gm- /GX-  /GR- /GF -Z7 /Oxs /Oy   -FIc:\NTDDK\inc\warning.h  .\usbview.c
usbview.c
cl -nologo -Ii386\ -I. -I..\inc -I..\..\inc -Ic:\NTDDK\inc -Ic:\NTDDK\inc -Ic:\NTDDK\private\inc -Ic:\NTDDK\inc -D_X86_=1 -Di386=1  -DSTD_CALL -DCONDITION_HANDLING=1 -DNT_UP=1  -DNT_INST=0 -DWIN32=100 -D_NT1X_=100 -DWINNT=1 -D_WIN32_WINNT=0x0500 -DWINVER=0x0500 -D_WIN32_IE=0x0501    -DWIN32_LEAN_AND_MEAN=1 -DDEVL=1 -DFPO=1    -DNDEBUG      /c /Zel /Zp8 /Gy  /W3 /Gz  /QIfdiv- /QIf /QI0f /GB /Gi- /Gm- /GX-  /GR- /GF -Z7 /Oxs /Oy   -FIc:\NTDDK\inc\warning.h  .\display.c
display.c
cl -nologo -Ii386\ -I. -I..\inc -I..\..\inc -Ic:\NTDDK\inc -Ic:\NTDDK\inc -Ic:\NTDDK\private\inc -Ic:\NTDDK\inc -D_X86_=1 -Di386=1  -DSTD_CALL -DCONDITION_HANDLING=1 -DNT_UP=1  -DNT_INST=0 -DWIN32=100 -D_NT1X_=100 -DWINNT=1 -D_WIN32_WINNT=0x0500 -DWINVER=0x0500 -D_WIN32_IE=0x0501    -DWIN32_LEAN_AND_MEAN=1 -DDEVL=1 -DFPO=1    -DNDEBUG      /c /Zel /Zp8 /Gy  /W3 /Gz  /QIfdiv- /QIf /QI0f /GB /Gi- /Gm- /GX-  /GR- /GF -Z7 /Oxs /Oy   -FIc:\NTDDK\inc\warning.h  .\enum.c
enum.c
cl -nologo -Ii386\ -I. -I..\inc -I..\..\inc -Ic:\NTDDK\inc -Ic:\NTDDK\inc -Ic:\NTDDK\private\inc -Ic:\NTDDK\inc -D_X86_=1 -Di386=1  -DSTD_CALL -DCONDITION_HANDLING=1 -DNT_UP=1  -DNT_INST=0 -DWIN32=100 -D_NT1X_=100 -DWINNT=1 -D_WIN32_WINNT=0x0500 -DWINVER=0x0500 -D_WIN32_IE=0x0501    -DWIN32_LEAN_AND_MEAN=1 -DDEVL=1 -DFPO=1    -DNDEBUG      /c /Zel /Zp8 /Gy  /W3 /Gz  /QIfdiv- /QIf /QI0f /GB /Gi- /Gm- /GX-  /GR- /GF -Z7 /Oxs /Oy   -FIc:\NTDDK\inc\warning.h  .\debug.c
debug.c
cl -nologo -Ii386\ -I. -I..\inc -I..\..\inc -Ic:\NTDDK\inc -Ic:\NTDDK\inc -Ic:\NTDDK\private\inc -Ic:\NTDDK\inc -D_X86_=1 -Di386=1  -DSTD_CALL -DCONDITION_HANDLING=1 -DNT_UP=1  -DNT_INST=0 -DWIN32=100 -D_NT1X_=100 -DWINNT=1 -D_WIN32_WINNT=0x0500 -DWINVER=0x0500 -D_WIN32_IE=0x0501    -DWIN32_LEAN_AND_MEAN=1 -DDEVL=1 -DFPO=1    -DNDEBUG      /c /Zel /Zp8 /Gy  /W3 /Gz  /QIfdiv- /QIf /QI0f /GB /Gi- /Gm- /GX-  /GR- /GF -Z7 /Oxs /Oy   -FIc:\NTDDK\inc\warning.h  .\devnode.c
devnode.c
cl -nologo -Ii386\ -I. -I..\inc -I..\..\inc -Ic:\NTDDK\inc -Ic:\NTDDK\inc -Ic:\NTDDK\private\inc -Ic:\NTDDK\inc -D_X86_=1 -Di386=1  -DSTD_CALL -DCONDITION_HANDLING=1 -DNT_UP=1  -DNT_INST=0 -DWIN32=100 -D_NT1X_=100 -DWINNT=1 -D_WIN32_WINNT=0x0500 -DWINVER=0x0500 -D_WIN32_IE=0x0501    -DWIN32_LEAN_AND_MEAN=1 -DDEVL=1 -DFPO=1    -DNDEBUG      /c /Zel /Zp8 /Gy  /W3 /Gz  /QIfdiv- /QIf /QI0f /GB /Gi- /Gm- /GX-  /GR- /GF -Z7 /Oxs /Oy   -FIc:\NTDDK\inc\warning.h  .\dispaud.c
dispaud.c

Stop.
Linking d:\project\usb2400\usb.2k\usbview directory ********************
'nmake.exe /c BUILDMSG=Stop. -i LINKONLY=1 NOPASS0=1 NTTEST= UMTEST= 386=1'
	link -out:objfre\i386\usbview.exe -machine:ix86 @C:\DOCUME~1\ADMINI~1\LOCALS~1\Temp\nma00940.
Microsoft (R) Incremental Linker Version 5.12.8181
Copyright (C) Microsoft Corp 1992-1998. All rights reserved.

-STACK:262144,4096 
-MERGE:_PAGE=PAGE 
-MERGE:_TEXT=.text 
-SECTION:INIT,d 
-OPT:REF 
-OPT:ICF 
-IGNORE:4001,4037,4039,4044,4065,4070,4078,4087,4089,4198 
-INCREMENTAL:NO 
-FULLBUILD 
-FORCE:MULTIPLE 
-NOCOMMENT 
/release 
-NODEFAULTLIB 
-debug:FULL 
-debugtype:cv 
-version:5.00 
-osversion:5.00 
-merge:.rdata=.text 
/tsaware 
-subsystem:windows,4.00 
-base:0x1000000 
-entry:WinMainCRTStartup 
-optidata 
objfre\i386\usbview.res 
objfre\i386\usbview.obj 
objfre\i386\display.obj 
objfre\i386\enum.obj 
objfre\i386\debug.obj 
objfre\i386\devnode.obj 
objfre\i386\dispaud.obj 
c:\NTDDK\libfre\i386\libc.lib 
c:\NTDDK\libfre\i386\advapi32.lib 
c:\NTDDK\libfre\i386\kernel32.lib 
c:\NTDDK\libfre\i386\gdi32.lib 
c:\NTDDK\libfre\i386\user32.lib 
c:\NTDDK\libfre\i386\kernel32.lib 
c:\NTDDK\libfre\i386\user32.lib 
c:\NTDDK\libfre\i386\gdi32.lib 
c:\NTDDK\libfre\i386\comctl32.lib 
c:\NTDDK\libfre\i386\cfgmgr32.lib 

Stop.
